Traceback (most recent call last):
  File "/Users/tompkins/miniconda3/envs/book/lib/python3.12/site-packages/jupyter_cache/executors/utils.py", line 58, in single_nb_execution
    executenb(
  File "/Users/tompkins/miniconda3/envs/book/lib/python3.12/site-packages/nbclient/client.py", line 1305, in execute
    return NotebookClient(nb=nb, resources=resources, km=km, **kwargs).execute()
           ^^^^^^^^^^^^^^^^^^^^^^^^^^^^^^^^^^^^^^^^^^^^^^^^^^^^^^^^^^^^^^^^^^^^^
  File "/Users/tompkins/miniconda3/envs/book/lib/python3.12/site-packages/jupyter_core/utils/__init__.py", line 173, in wrapped
    return loop.run_until_complete(inner)
           ^^^^^^^^^^^^^^^^^^^^^^^^^^^^^^
  File "/Users/tompkins/miniconda3/envs/book/lib/python3.12/asyncio/base_events.py", line 664, in run_until_complete
    return future.result()
           ^^^^^^^^^^^^^^^
  File "/Users/tompkins/miniconda3/envs/book/lib/python3.12/site-packages/nbclient/client.py", line 705, in async_execute
    await self.async_execute_cell(
  File "/Users/tompkins/miniconda3/envs/book/lib/python3.12/site-packages/nbclient/client.py", line 1058, in async_execute_cell
    await self._check_raise_for_error(cell, cell_index, exec_reply)
  File "/Users/tompkins/miniconda3/envs/book/lib/python3.12/site-packages/nbclient/client.py", line 914, in _check_raise_for_error
    raise CellExecutionError.from_cell_and_msg(cell, exec_reply_content)
nbclient.exceptions.CellExecutionError: An error occurred while executing the following cell:
------------------
# --- Sample Precipitation Data (Replace with your actual data) ---
# Assuming you have:
# - 'lon': Longitude values (1D array)
# - 'lat': Latitude values (1D array)
# - 'precipitation': Precipitation data (2D array, matching lon and lat dimensions) 
# --------------------------------------------------------------

# Define contour levels
levels = [0, 2, 4, 8, 16, 32, 64, 128]
colors = ['white', 'lightblue', 'blue', 'darkblue', 'cyan', 'yellow', 'orange'] 

# Create a figure and axis with the desired projection
fig, ax = plt.subplots(figsize=(10, 6), subplot_kw={'projection': ccrs.PlateCarree()}) 

# Create a BoundaryNorm for the colormap
# norm = BoundaryNorm(levels, ncolors=len(levels) - 1)

# Choose a colormap with white for zero rain (e.g., 'viridis_r')
cmap = 'jet' 

# Plot precipitation data with contours
im = ax.contourf(lon, lat, precip, levels=levels, transform=ccrs.PlateCarree(), colors=colors)

# Add contours for rain levels
#contours = ax.contour(lon, lat, precip, levels=levels, colors='black', linewidths=0.5, transform=ccrs.PlateCarree())

# Add labels to contours
ax.clabel(contours, inline=True, fontsize=8, fmt='%1.0f') 

# Add features to the map
ax.coastlines()
ax.add_feature(cfeature.LAND)
ax.add_feature(cfeature.OCEAN)
ax.add_feature(cfeature.BORDERS, linestyle=':')

# Set the map extent 
# Adjust these values to focus on a specific region
ax.set_extent([-130, -50, -50, 50], crs=ccrs.PlateCarree()) 

# Add colorbar
cbar = plt.colorbar(im, ax=ax, orientation='vertical')
cbar.set_label('Precipitation (mm/day)') 

# Add title
plt.title('Global Precipitation Map')

# Show the plot
plt.show()
------------------


[0;31m---------------------------------------------------------------------------[0m
[0;31mNameError[0m                                 Traceback (most recent call last)
Cell [0;32mIn[9], line 28[0m
[1;32m     22[0m im [38;5;241m=[39m ax[38;5;241m.[39mcontourf(lon, lat, precip, levels[38;5;241m=[39mlevels, transform[38;5;241m=[39mccrs[38;5;241m.[39mPlateCarree(), colors[38;5;241m=[39mcolors)
[1;32m     24[0m [38;5;66;03m# Add contours for rain levels[39;00m
[1;32m     25[0m [38;5;66;03m#contours = ax.contour(lon, lat, precip, levels=levels, colors='black', linewidths=0.5, transform=ccrs.PlateCarree())[39;00m
[1;32m     26[0m 
[1;32m     27[0m [38;5;66;03m# Add labels to contours[39;00m
[0;32m---> 28[0m ax[38;5;241m.[39mclabel([43mcontours[49m, inline[38;5;241m=[39m[38;5;28;01mTrue[39;00m, fontsize[38;5;241m=[39m[38;5;241m8[39m, fmt[38;5;241m=[39m[38;5;124m'[39m[38;5;132;01m%1.0f[39;00m[38;5;124m'[39m) 
[1;32m     30[0m [38;5;66;03m# Add features to the map[39;00m
[1;32m     31[0m ax[38;5;241m.[39mcoastlines()

[0;31mNameError[0m: name 'contours' is not defined

