Traceback (most recent call last):
  File "/Users/tompkins/miniconda3/envs/book/lib/python3.12/site-packages/jupyter_cache/executors/utils.py", line 58, in single_nb_execution
    executenb(
  File "/Users/tompkins/miniconda3/envs/book/lib/python3.12/site-packages/nbclient/client.py", line 1305, in execute
    return NotebookClient(nb=nb, resources=resources, km=km, **kwargs).execute()
           ^^^^^^^^^^^^^^^^^^^^^^^^^^^^^^^^^^^^^^^^^^^^^^^^^^^^^^^^^^^^^^^^^^^^^
  File "/Users/tompkins/miniconda3/envs/book/lib/python3.12/site-packages/jupyter_core/utils/__init__.py", line 173, in wrapped
    return loop.run_until_complete(inner)
           ^^^^^^^^^^^^^^^^^^^^^^^^^^^^^^
  File "/Users/tompkins/miniconda3/envs/book/lib/python3.12/asyncio/base_events.py", line 664, in run_until_complete
    return future.result()
           ^^^^^^^^^^^^^^^
  File "/Users/tompkins/miniconda3/envs/book/lib/python3.12/site-packages/nbclient/client.py", line 705, in async_execute
    await self.async_execute_cell(
  File "/Users/tompkins/miniconda3/envs/book/lib/python3.12/site-packages/nbclient/client.py", line 1058, in async_execute_cell
    await self._check_raise_for_error(cell, cell_index, exec_reply)
  File "/Users/tompkins/miniconda3/envs/book/lib/python3.12/site-packages/nbclient/client.py", line 914, in _check_raise_for_error
    raise CellExecutionError.from_cell_and_msg(cell, exec_reply_content)
nbclient.exceptions.CellExecutionError: An error occurred while executing the following cell:
------------------
import numpy as np
import matplotlib.pyplot as plt
import matplotlib.animation as animation
from IPython.display import HTML
from dataclasses import dataclass
from scipy.spatial.distance import cdist
import math

### from mpl_toolkits.mplot3d import Axes3D

# Enable interactive plots for animation in Jupyter
%matplotlib notebook
------------------


[0;31m---------------------------------------------------------------------------[0m
[0;31mModuleNotFoundError[0m                       Traceback (most recent call last)
Cell [0;32mIn[1], line 6[0m
[1;32m      4[0m [38;5;28;01mfrom[39;00m [38;5;21;01mIPython[39;00m[38;5;21;01m.[39;00m[38;5;21;01mdisplay[39;00m [38;5;28;01mimport[39;00m HTML
[1;32m      5[0m [38;5;28;01mfrom[39;00m [38;5;21;01mdataclasses[39;00m [38;5;28;01mimport[39;00m dataclass
[0;32m----> 6[0m [38;5;28;01mfrom[39;00m [38;5;21;01mscipy[39;00m[38;5;21;01m.[39;00m[38;5;21;01mspatial[39;00m[38;5;21;01m.[39;00m[38;5;21;01mdistance[39;00m [38;5;28;01mimport[39;00m cdist
[1;32m      7[0m [38;5;28;01mimport[39;00m [38;5;21;01mmath[39;00m
[1;32m      9[0m [38;5;66;03m### from mpl_toolkits.mplot3d import Axes3D[39;00m
[1;32m     10[0m 
[1;32m     11[0m [38;5;66;03m# Enable interactive plots for animation in Jupyter[39;00m

[0;31mModuleNotFoundError[0m: No module named 'scipy'

