Traceback (most recent call last):
  File "/Users/tompkins/miniconda3/envs/book/lib/python3.12/site-packages/jupyter_cache/executors/utils.py", line 58, in single_nb_execution
    executenb(
  File "/Users/tompkins/miniconda3/envs/book/lib/python3.12/site-packages/nbclient/client.py", line 1305, in execute
    return NotebookClient(nb=nb, resources=resources, km=km, **kwargs).execute()
           ^^^^^^^^^^^^^^^^^^^^^^^^^^^^^^^^^^^^^^^^^^^^^^^^^^^^^^^^^^^^^^^^^^^^^
  File "/Users/tompkins/miniconda3/envs/book/lib/python3.12/site-packages/jupyter_core/utils/__init__.py", line 173, in wrapped
    return loop.run_until_complete(inner)
           ^^^^^^^^^^^^^^^^^^^^^^^^^^^^^^
  File "/Users/tompkins/miniconda3/envs/book/lib/python3.12/asyncio/base_events.py", line 664, in run_until_complete
    return future.result()
           ^^^^^^^^^^^^^^^
  File "/Users/tompkins/miniconda3/envs/book/lib/python3.12/site-packages/nbclient/client.py", line 705, in async_execute
    await self.async_execute_cell(
  File "/Users/tompkins/miniconda3/envs/book/lib/python3.12/site-packages/nbclient/client.py", line 1058, in async_execute_cell
    await self._check_raise_for_error(cell, cell_index, exec_reply)
  File "/Users/tompkins/miniconda3/envs/book/lib/python3.12/site-packages/nbclient/client.py", line 914, in _check_raise_for_error
    raise CellExecutionError.from_cell_and_msg(cell, exec_reply_content)
nbclient.exceptions.CellExecutionError: An error occurred while executing the following cell:
------------------
# now the files are much smaller, let's put them together in a single file for ease
cdo -O mergetime ${ddir}/${fname}????${region_tag}.nc ${ddir}/${fname}${region_tag}.nc

# just select the summer months
cdo -O selmon,6/9 ${ddir}/${fname}${region_tag}.nc ${ddir}/${fname}${region_tag}_JJAS.nc
------------------

----- stdout -----
[31mcdo    mergetime: [0mOpen failed on >../../../DATA/gpcp/gpcp_v01r03_daily_????area_65_90_8_27.nc<
----- stdout -----
                  No such file or directory
----- stdout -----
[31mcdo    selmonth: [0mOpen failed on >../../../DATA/gpcp/gpcp_v01r03_daily_area_65_90_8_27.nc<
----- stdout -----
                 No such file or directory
------------------



